This is XeTeX, Version 3.141592653-2.6-0.999996 (TeX Live 2024) (preloaded format=xelatex 2024.8.15)  24 OCT 2024 16:45
entering extended mode
 restricted \write18 enabled.
 %&-line parsing enabled.
**letter.tex
(./letter.tex
LaTeX2e <2024-06-01> patch level 1
L3 programming layer <2024-05-27>
(/usr/local/texlive/2024/texmf-dist/tex/latex/lettre/lettre.cls
Invalid UTF-8 byte or sequence at line 3 replaced by U+FFFD.
Invalid UTF-8 byte or sequence at line 4 replaced by U+FFFD.
Invalid UTF-8 byte or sequence at line 4 replaced by U+FFFD.
Invalid UTF-8 byte or sequence at line 18 replaced by U+FFFD.
Invalid UTF-8 byte or sequence at line 23 replaced by U+FFFD.

(/usr/local/texlive/2024/texmf-dist/tex/latex/etoolbox/etoolbox.sty
Package: etoolbox 2020/10/05 v2.5k e-TeX tools for LaTeX (JAW)
\etb@tempcnta=\count190
)
(/usr/local/texlive/2024/texmf-dist/tex/latex/graphics/graphicx.sty
Package: graphicx 2021/09/16 v1.2d Enhanced LaTeX Graphics (DPC,SPQR)

(/usr/local/texlive/2024/texmf-dist/tex/latex/graphics/keyval.sty
Package: keyval 2022/05/29 v1.15 key=value parser (DPC)
\KV@toks@=\toks17
)
(/usr/local/texlive/2024/texmf-dist/tex/latex/graphics/graphics.sty
Package: graphics 2024/05/23 v1.4g Standard LaTeX Graphics (DPC,SPQR)

(/usr/local/texlive/2024/texmf-dist/tex/latex/graphics/trig.sty
Package: trig 2023/12/02 v1.11 sin cos tan (DPC)
)
(/usr/local/texlive/2024/texmf-dist/tex/latex/graphics-cfg/graphics.cfg
File: graphics.cfg 2016/06/04 v1.11 sample graphics configuration
)
Package graphics Info: Driver file: xetex.def on input line 106.

(/usr/local/texlive/2024/texmf-dist/tex/latex/graphics-def/xetex.def
File: xetex.def 2022/09/22 v5.0n Graphics/color driver for xetex
))
\Gin@req@height=\dimen141
\Gin@req@width=\dimen142
)
Document Class: lettre  v3.002
Copyleft Denis Megevand - Observatoire de Geneve
Invalid UTF-8 byte or sequence at line 38 replaced by U+FFFD.
Invalid UTF-8 byte or sequence at line 48 replaced by U+FFFD.
Invalid UTF-8 byte or sequence at line 51 replaced by U+FFFD.
Invalid UTF-8 byte or sequence at line 52 replaced by U+FFFD.
Invalid UTF-8 byte or sequence at line 56 replaced by U+FFFD.
\lettre@x@mm=\skip49
\lettre@y@mm=\skip50
Invalid UTF-8 byte or sequence at line 119 replaced by U+FFFD.
Invalid UTF-8 byte or sequence at line 119 replaced by U+FFFD.
Invalid UTF-8 byte or sequence at line 126 replaced by U+FFFD.
Invalid UTF-8 byte or sequence at line 126 replaced by U+FFFD.
Invalid UTF-8 byte or sequence at line 126 replaced by U+FFFD.
Invalid UTF-8 byte or sequence at line 128 replaced by U+FFFD.
Invalid UTF-8 byte or sequence at line 129 replaced by U+FFFD.
Invalid UTF-8 byte or sequence at line 129 replaced by U+FFFD.
Invalid UTF-8 byte or sequence at line 129 replaced by U+FFFD.
Invalid UTF-8 byte or sequence at line 129 replaced by U+FFFD.
Invalid UTF-8 byte or sequence at line 147 replaced by U+FFFD.
Invalid UTF-8 byte or sequence at line 147 replaced by U+FFFD.
Invalid UTF-8 byte or sequence at line 148 replaced by U+FFFD.
Invalid UTF-8 byte or sequence at line 148 replaced by U+FFFD.
Invalid UTF-8 byte or sequence at line 148 replaced by U+FFFD.
Invalid UTF-8 byte or sequence at line 148 replaced by U+FFFD.
Invalid UTF-8 byte or sequence at line 148 replaced by U+FFFD.
Invalid UTF-8 byte or sequence at line 148 replaced by U+FFFD.
Invalid UTF-8 byte or sequence at line 149 replaced by U+FFFD.
Invalid UTF-8 byte or sequence at line 150 replaced by U+FFFD.
Invalid UTF-8 byte or sequence at line 150 replaced by U+FFFD.
Invalid UTF-8 byte or sequence at line 152 replaced by U+FFFD.
Invalid UTF-8 byte or sequence at line 152 replaced by U+FFFD.
Invalid UTF-8 byte or sequence at line 153 replaced by U+FFFD.
Invalid UTF-8 byte or sequence at line 153 replaced by U+FFFD.
Invalid UTF-8 byte or sequence at line 164 replaced by U+FFFD.
Invalid UTF-8 byte or sequence at line 166 replaced by U+FFFD.
Invalid UTF-8 byte or sequence at line 166 replaced by U+FFFD.
Invalid UTF-8 byte or sequence at line 166 replaced by U+FFFD.
Invalid UTF-8 byte or sequence at line 172 replaced by U+FFFD.
Invalid UTF-8 byte or sequence at line 172 replaced by U+FFFD.
Invalid UTF-8 byte or sequence at line 187 replaced by U+FFFD.
Invalid UTF-8 byte or sequence at line 187 replaced by U+FFFD.
Invalid UTF-8 byte or sequence at line 187 replaced by U+FFFD.
Invalid UTF-8 byte or sequence at line 187 replaced by U+FFFD.
Invalid UTF-8 byte or sequence at line 187 replaced by U+FFFD.
Invalid UTF-8 byte or sequence at line 187 replaced by U+FFFD.
Invalid UTF-8 byte or sequence at line 188 replaced by U+FFFD.
Invalid UTF-8 byte or sequence at line 188 replaced by U+FFFD.
Invalid UTF-8 byte or sequence at line 189 replaced by U+FFFD.
Invalid UTF-8 byte or sequence at line 189 replaced by U+FFFD.
Invalid UTF-8 byte or sequence at line 193 replaced by U+FFFD.
Invalid UTF-8 byte or sequence at line 194 replaced by U+FFFD.
Invalid UTF-8 byte or sequence at line 194 replaced by U+FFFD.
Invalid UTF-8 byte or sequence at line 194 replaced by U+FFFD.
Invalid UTF-8 byte or sequence at line 204 replaced by U+FFFD.
Invalid UTF-8 byte or sequence at line 207 replaced by U+FFFD.
Invalid UTF-8 byte or sequence at line 209 replaced by U+FFFD.
Invalid UTF-8 byte or sequence at line 209 replaced by U+FFFD.
Invalid UTF-8 byte or sequence at line 210 replaced by U+FFFD.
Invalid UTF-8 byte or sequence at line 210 replaced by U+FFFD.
Invalid UTF-8 byte or sequence at line 210 replaced by U+FFFD.
Invalid UTF-8 byte or sequence at line 210 replaced by U+FFFD.
Invalid UTF-8 byte or sequence at line 211 replaced by U+FFFD.
Invalid UTF-8 byte or sequence at line 211 replaced by U+FFFD.
Invalid UTF-8 byte or sequence at line 243 replaced by U+FFFD.
Invalid UTF-8 byte or sequence at line 245 replaced by U+FFFD.
Invalid UTF-8 byte or sequence at line 247 replaced by U+FFFD.
Invalid UTF-8 byte or sequence at line 247 replaced by U+FFFD.
Invalid UTF-8 byte or sequence at line 248 replaced by U+FFFD.
Invalid UTF-8 byte or sequence at line 248 replaced by U+FFFD.
Invalid UTF-8 byte or sequence at line 248 replaced by U+FFFD.
Invalid UTF-8 byte or sequence at line 252 replaced by U+FFFD.
Invalid UTF-8 byte or sequence at line 252 replaced by U+FFFD.
Invalid UTF-8 byte or sequence at line 253 replaced by U+FFFD.
Invalid UTF-8 byte or sequence at line 253 replaced by U+FFFD.
Invalid UTF-8 byte or sequence at line 253 replaced by U+FFFD.
Invalid UTF-8 byte or sequence at line 260 replaced by U+FFFD.
Invalid UTF-8 byte or sequence at line 260 replaced by U+FFFD.
Invalid UTF-8 byte or sequence at line 267 replaced by U+FFFD.
Invalid UTF-8 byte or sequence at line 275 replaced by U+FFFD.
Invalid UTF-8 byte or sequence at line 275 replaced by U+FFFD.
Invalid UTF-8 byte or sequence at line 277 replaced by U+FFFD.
Invalid UTF-8 byte or sequence at line 278 replaced by U+FFFD.
Invalid UTF-8 byte or sequence at line 279 replaced by U+FFFD.
Invalid UTF-8 byte or sequence at line 279 replaced by U+FFFD.
Invalid UTF-8 byte or sequence at line 314 replaced by U+FFFD.
Invalid UTF-8 byte or sequence at line 321 replaced by U+FFFD.
Invalid UTF-8 byte or sequence at line 321 replaced by U+FFFD.
Invalid UTF-8 byte or sequence at line 322 replaced by U+FFFD.
Invalid UTF-8 byte or sequence at line 324 replaced by U+FFFD.
Invalid UTF-8 byte or sequence at line 324 replaced by U+FFFD.
Invalid UTF-8 byte or sequence at line 324 replaced by U+FFFD.
Invalid UTF-8 byte or sequence at line 325 replaced by U+FFFD.
Invalid UTF-8 byte or sequence at line 326 replaced by U+FFFD.
Invalid UTF-8 byte or sequence at line 327 replaced by U+FFFD.
Invalid UTF-8 byte or sequence at line 327 replaced by U+FFFD.
Invalid UTF-8 byte or sequence at line 333 replaced by U+FFFD.
Invalid UTF-8 byte or sequence at line 333 replaced by U+FFFD.
Invalid UTF-8 byte or sequence at line 334 replaced by U+FFFD.
Invalid UTF-8 byte or sequence at line 335 replaced by U+FFFD.
Invalid UTF-8 byte or sequence at line 335 replaced by U+FFFD.
Invalid UTF-8 byte or sequence at line 335 replaced by U+FFFD.
Invalid UTF-8 byte or sequence at line 335 replaced by U+FFFD.
Invalid UTF-8 byte or sequence at line 342 replaced by U+FFFD.
Invalid UTF-8 byte or sequence at line 346 replaced by U+FFFD.
Invalid UTF-8 byte or sequence at line 346 replaced by U+FFFD.
Invalid UTF-8 byte or sequence at line 346 replaced by U+FFFD.
Invalid UTF-8 byte or sequence at line 346 replaced by U+FFFD.
Invalid UTF-8 byte or sequence at line 378 replaced by U+FFFD.
Invalid UTF-8 byte or sequence at line 378 replaced by U+FFFD.
\c@infos=\count191
Invalid UTF-8 byte or sequence at line 390 replaced by U+FFFD.
Invalid UTF-8 byte or sequence at line 390 replaced by U+FFFD.
Invalid UTF-8 byte or sequence at line 391 replaced by U+FFFD.
Invalid UTF-8 byte or sequence at line 394 replaced by U+FFFD.
Invalid UTF-8 byte or sequence at line 395 replaced by U+FFFD.
Invalid UTF-8 byte or sequence at line 395 replaced by U+FFFD.
Invalid UTF-8 byte or sequence at line 395 replaced by U+FFFD.
Invalid UTF-8 byte or sequence at line 397 replaced by U+FFFD.
Invalid UTF-8 byte or sequence at line 397 replaced by U+FFFD.
Invalid UTF-8 byte or sequence at line 397 replaced by U+FFFD.
\lettre@keep@envs=\count192
Invalid UTF-8 byte or sequence at line 408 replaced by U+FFFD.
Invalid UTF-8 byte or sequence at line 409 replaced by U+FFFD.
Invalid UTF-8 byte or sequence at line 409 replaced by U+FFFD.
Invalid UTF-8 byte or sequence at line 409 replaced by U+FFFD.
Invalid UTF-8 byte or sequence at line 409 replaced by U+FFFD.
Invalid UTF-8 byte or sequence at line 424 replaced by U+FFFD.
Invalid UTF-8 byte or sequence at line 424 replaced by U+FFFD.
Invalid UTF-8 byte or sequence at line 424 replaced by U+FFFD.
Invalid UTF-8 byte or sequence at line 425 replaced by U+FFFD.
Invalid UTF-8 byte or sequence at line 425 replaced by U+FFFD.
Invalid UTF-8 byte or sequence at line 429 replaced by U+FFFD.
Invalid UTF-8 byte or sequence at line 429 replaced by U+FFFD.
Invalid UTF-8 byte or sequence at line 429 replaced by U+FFFD.
(/usr/local/texlive/2024/texmf-dist/tex/latex/base/size11.clo
File: size11.clo 2024/02/08 v1.4n Standard LaTeX file (size option)
)
Invalid UTF-8 byte or sequence at line 462 replaced by U+FFFD.
Invalid UTF-8 byte or sequence at line 462 replaced by U+FFFD.
Invalid UTF-8 byte or sequence at line 482 replaced by U+FFFD.
Invalid UTF-8 byte or sequence at line 482 replaced by U+FFFD.
Invalid UTF-8 byte or sequence at line 486 replaced by U+FFFD.
Invalid UTF-8 byte or sequence at line 494 replaced by U+FFFD.
Invalid UTF-8 byte or sequence at line 540 replaced by U+FFFD.
\auxcount=\count193
\c@labelstart=\count194
\c@lettre=\count195
\c@telefax=\count196
\emailcount=\count197
\faxpage=\count198
\sigflag=\count199
\signum=\count266
\letterwidth=\dimen143
\openingspace=\dimen144
\openingindent=\dimen145
\lettermargin=\dimen146
\listmargin=\dimen147
\sigspace=\dimen148
\ssigindent=\dimen149
\ssigwidth=\dimen150
\msigwidth=\dimen151
\fromaddress@let@width=\dimen152
\fromlieu@let@width=\dimen153
\toaddress@let@width=\dimen154
\fromaddress@fax@width=\dimen155
\faxstring@width=\dimen156
\faxbox@width=\dimen157
\toaddress@fax@width=\dimen158
\fromname@fax@width=\dimen159
\lettre@vref@width=\skip51
\lettre@nref@width=\skip52
\@tensionaux=\write3
\@dateaux=\write4
\@etiqaux=\write5
\@faxaux=\write6
Invalid UTF-8 byte or sequence at line 625 replaced by U+FFFD.
Invalid UTF-8 byte or sequence at line 625 replaced by U+FFFD.
Invalid UTF-8 byte or sequence at line 625 replaced by U+FFFD.
Invalid UTF-8 byte or sequence at line 625 replaced by U+FFFD.
Invalid UTF-8 byte or sequence at line 626 replaced by U+FFFD.
Invalid UTF-8 byte or sequence at line 626 replaced by U+FFFD.
Invalid UTF-8 byte or sequence at line 626 replaced by U+FFFD.
Invalid UTF-8 byte or sequence at line 626 replaced by U+FFFD.
Invalid UTF-8 byte or sequence at line 626 replaced by U+FFFD.
Invalid UTF-8 byte or sequence at line 626 replaced by U+FFFD.
Invalid UTF-8 byte or sequence at line 627 replaced by U+FFFD.
Invalid UTF-8 byte or sequence at line 627 replaced by U+FFFD.
Invalid UTF-8 byte or sequence at line 627 replaced by U+FFFD.
Invalid UTF-8 byte or sequence at line 627 replaced by U+FFFD.
Invalid UTF-8 byte or sequence at line 628 replaced by U+FFFD.
Invalid UTF-8 byte or sequence at line 628 replaced by U+FFFD.
Invalid UTF-8 byte or sequence at line 628 replaced by U+FFFD.
Invalid UTF-8 byte or sequence at line 642 replaced by U+FFFD.
Invalid UTF-8 byte or sequence at line 643 replaced by U+FFFD.
Invalid UTF-8 byte or sequence at line 644 replaced by U+FFFD.
Invalid UTF-8 byte or sequence at line 644 replaced by U+FFFD.
Invalid UTF-8 byte or sequence at line 644 replaced by U+FFFD.
Invalid UTF-8 byte or sequence at line 645 replaced by U+FFFD.
Invalid UTF-8 byte or sequence at line 652 replaced by U+FFFD.
Invalid UTF-8 byte or sequence at line 652 replaced by U+FFFD.
Invalid UTF-8 byte or sequence at line 656 replaced by U+FFFD.
Invalid UTF-8 byte or sequence at line 668 replaced by U+FFFD.
Invalid UTF-8 byte or sequence at line 677 replaced by U+FFFD.
Invalid UTF-8 byte or sequence at line 678 replaced by U+FFFD.
Invalid UTF-8 byte or sequence at line 678 replaced by U+FFFD.
Invalid UTF-8 byte or sequence at line 679 replaced by U+FFFD.
Invalid UTF-8 byte or sequence at line 680 replaced by U+FFFD.
Invalid UTF-8 byte or sequence at line 690 replaced by U+FFFD.
Invalid UTF-8 byte or sequence at line 699 replaced by U+FFFD.
Invalid UTF-8 byte or sequence at line 700 replaced by U+FFFD.
Invalid UTF-8 byte or sequence at line 700 replaced by U+FFFD.
Invalid UTF-8 byte or sequence at line 700 replaced by U+FFFD.
Invalid UTF-8 byte or sequence at line 718 replaced by U+FFFD.
Invalid UTF-8 byte or sequence at line 718 replaced by U+FFFD.
Invalid UTF-8 byte or sequence at line 719 replaced by U+FFFD.
Invalid UTF-8 byte or sequence at line 719 replaced by U+FFFD.
Invalid UTF-8 byte or sequence at line 721 replaced by U+FFFD.
Invalid UTF-8 byte or sequence at line 721 replaced by U+FFFD.
Invalid UTF-8 byte or sequence at line 726 replaced by U+FFFD.
Invalid UTF-8 byte or sequence at line 727 replaced by U+FFFD.
Invalid UTF-8 byte or sequence at line 727 replaced by U+FFFD.
Invalid UTF-8 byte or sequence at line 728 replaced by U+FFFD.
Invalid UTF-8 byte or sequence at line 728 replaced by U+FFFD.
Invalid UTF-8 byte or sequence at line 728 replaced by U+FFFD.
Invalid UTF-8 byte or sequence at line 729 replaced by U+FFFD.
Invalid UTF-8 byte or sequence at line 729 replaced by U+FFFD.
Invalid UTF-8 byte or sequence at line 729 replaced by U+FFFD.
Invalid UTF-8 byte or sequence at line 729 replaced by U+FFFD.
Invalid UTF-8 byte or sequence at line 729 replaced by U+FFFD.
Invalid UTF-8 byte or sequence at line 729 replaced by U+FFFD.
Invalid UTF-8 byte or sequence at line 730 replaced by U+FFFD.
Invalid UTF-8 byte or sequence at line 730 replaced by U+FFFD.
Invalid UTF-8 byte or sequence at line 739 replaced by U+FFFD.
Invalid UTF-8 byte or sequence at line 739 replaced by U+FFFD.
Invalid UTF-8 byte or sequence at line 749 replaced by U+FFFD.
Invalid UTF-8 byte or sequence at line 749 replaced by U+FFFD.
Invalid UTF-8 byte or sequence at line 750 replaced by U+FFFD.
Invalid UTF-8 byte or sequence at line 750 replaced by U+FFFD.
Invalid UTF-8 byte or sequence at line 751 replaced by U+FFFD.
Invalid UTF-8 byte or sequence at line 751 replaced by U+FFFD.
Invalid UTF-8 byte or sequence at line 752 replaced by U+FFFD.
Invalid UTF-8 byte or sequence at line 770 replaced by U+FFFD.
Invalid UTF-8 byte or sequence at line 770 replaced by U+FFFD.
Invalid UTF-8 byte or sequence at line 785 replaced by U+FFFD.
Invalid UTF-8 byte or sequence at line 812 replaced by U+FFFD.
Invalid UTF-8 byte or sequence at line 812 replaced by U+FFFD.
Invalid UTF-8 byte or sequence at line 899 replaced by U+FFFD.
Invalid UTF-8 byte or sequence at line 899 replaced by U+FFFD.
Invalid UTF-8 byte or sequence at line 902 replaced by U+FFFD.
Invalid UTF-8 byte or sequence at line 965 replaced by U+FFFD.
Invalid UTF-8 byte or sequence at line 966 replaced by U+FFFD.
Invalid UTF-8 byte or sequence at line 967 replaced by U+FFFD.
Invalid UTF-8 byte or sequence at line 968 replaced by U+FFFD.
Invalid UTF-8 byte or sequence at line 979 replaced by U+FFFD.
Invalid UTF-8 byte or sequence at line 992 replaced by U+FFFD.
Invalid UTF-8 byte or sequence at line 992 replaced by U+FFFD.
Invalid UTF-8 byte or sequence at line 992 replaced by U+FFFD.
Invalid UTF-8 byte or sequence at line 992 replaced by U+FFFD.
Invalid UTF-8 byte or sequence at line 993 replaced by U+FFFD.
Invalid UTF-8 byte or sequence at line 993 replaced by U+FFFD.
Invalid UTF-8 byte or sequence at line 993 replaced by U+FFFD.
Invalid UTF-8 byte or sequence at line 996 replaced by U+FFFD.
Invalid UTF-8 byte or sequence at line 996 replaced by U+FFFD.
Invalid UTF-8 byte or sequence at line 997 replaced by U+FFFD.
Invalid UTF-8 byte or sequence at line 997 replaced by U+FFFD.
Invalid UTF-8 byte or sequence at line 998 replaced by U+FFFD.
Invalid UTF-8 byte or sequence at line 998 replaced by U+FFFD.
Invalid UTF-8 byte or sequence at line 998 replaced by U+FFFD.
Invalid UTF-8 byte or sequence at line 998 replaced by U+FFFD.
Invalid UTF-8 byte or sequence at line 998 replaced by U+FFFD.
Invalid UTF-8 byte or sequence at line 998 replaced by U+FFFD.
Invalid UTF-8 byte or sequence at line 999 replaced by U+FFFD.
Invalid UTF-8 byte or sequence at line 999 replaced by U+FFFD.
Invalid UTF-8 byte or sequence at line 999 replaced by U+FFFD.
Invalid UTF-8 byte or sequence at line 999 replaced by U+FFFD.
Invalid UTF-8 byte or sequence at line 999 replaced by U+FFFD.
Invalid UTF-8 byte or sequence at line 1010 replaced by U+FFFD.
Invalid UTF-8 byte or sequence at line 1010 replaced by U+FFFD.
Invalid UTF-8 byte or sequence at line 1010 replaced by U+FFFD.
Invalid UTF-8 byte or sequence at line 1012 replaced by U+FFFD.
Invalid UTF-8 byte or sequence at line 1012 replaced by U+FFFD.
Invalid UTF-8 byte or sequence at line 1013 replaced by U+FFFD.
Invalid UTF-8 byte or sequence at line 1070 replaced by U+FFFD.
Invalid UTF-8 byte or sequence at line 1070 replaced by U+FFFD.
Invalid UTF-8 byte or sequence at line 1079 replaced by U+FFFD.
Invalid UTF-8 byte or sequence at line 1079 replaced by U+FFFD.
Invalid UTF-8 byte or sequence at line 1079 replaced by U+FFFD.
Invalid UTF-8 byte or sequence at line 1087 replaced by U+FFFD.
Invalid UTF-8 byte or sequence at line 1087 replaced by U+FFFD.
Invalid UTF-8 byte or sequence at line 1098 replaced by U+FFFD.
Invalid UTF-8 byte or sequence at line 1098 replaced by U+FFFD.
Invalid UTF-8 byte or sequence at line 1102 replaced by U+FFFD.
Invalid UTF-8 byte or sequence at line 1102 replaced by U+FFFD.
Invalid UTF-8 byte or sequence at line 1174 replaced by U+FFFD.
Invalid UTF-8 byte or sequence at line 1174 replaced by U+FFFD.
Invalid UTF-8 byte or sequence at line 1175 replaced by U+FFFD.
Invalid UTF-8 byte or sequence at line 1175 replaced by U+FFFD.
Invalid UTF-8 byte or sequence at line 1186 replaced by U+FFFD.
Invalid UTF-8 byte or sequence at line 1186 replaced by U+FFFD.
Invalid UTF-8 byte or sequence at line 1186 replaced by U+FFFD.
Invalid UTF-8 byte or sequence at line 1186 replaced by U+FFFD.
Invalid UTF-8 byte or sequence at line 1186 replaced by U+FFFD.
Invalid UTF-8 byte or sequence at line 1187 replaced by U+FFFD.
Invalid UTF-8 byte or sequence at line 1187 replaced by U+FFFD.
Invalid UTF-8 byte or sequence at line 1187 replaced by U+FFFD.
Invalid UTF-8 byte or sequence at line 1187 replaced by U+FFFD.
Invalid UTF-8 byte or sequence at line 1187 replaced by U+FFFD.
Invalid UTF-8 byte or sequence at line 1197 replaced by U+FFFD.
Invalid UTF-8 byte or sequence at line 1197 replaced by U+FFFD.
Invalid UTF-8 byte or sequence at line 1270 replaced by U+FFFD.
\lettre@save@leftmargin=\dimen160
\lettre@save@leftskip=\dimen161
\lettre@leftmargin=\dimen162
Invalid UTF-8 byte or sequence at line 1284 replaced by U+FFFD.
Invalid UTF-8 byte or sequence at line 1284 replaced by U+FFFD.
Invalid UTF-8 byte or sequence at line 1284 replaced by U+FFFD.
Invalid UTF-8 byte or sequence at line 1285 replaced by U+FFFD.
Invalid UTF-8 byte or sequence at line 1285 replaced by U+FFFD.
Invalid UTF-8 byte or sequence at line 1285 replaced by U+FFFD.
Invalid UTF-8 byte or sequence at line 1299 replaced by U+FFFD.
Invalid UTF-8 byte or sequence at line 1300 replaced by U+FFFD.
Invalid UTF-8 byte or sequence at line 1300 replaced by U+FFFD.
Invalid UTF-8 byte or sequence at line 1300 replaced by U+FFFD.
Invalid UTF-8 byte or sequence at line 1309 replaced by U+FFFD.
Invalid UTF-8 byte or sequence at line 1310 replaced by U+FFFD.
Invalid UTF-8 byte or sequence at line 1310 replaced by U+FFFD.
Invalid UTF-8 byte or sequence at line 1311 replaced by U+FFFD.
Invalid UTF-8 byte or sequence at line 1311 replaced by U+FFFD.
Invalid UTF-8 byte or sequence at line 1317 replaced by U+FFFD.
Invalid UTF-8 byte or sequence at line 1317 replaced by U+FFFD.
Invalid UTF-8 byte or sequence at line 1323 replaced by U+FFFD.
Invalid UTF-8 byte or sequence at line 1324 replaced by U+FFFD.
Invalid UTF-8 byte or sequence at line 1325 replaced by U+FFFD.
Invalid UTF-8 byte or sequence at line 1325 replaced by U+FFFD.
Invalid UTF-8 byte or sequence at line 1325 replaced by U+FFFD.
Invalid UTF-8 byte or sequence at line 1325 replaced by U+FFFD.
Invalid UTF-8 byte or sequence at line 1343 replaced by U+FFFD.
Invalid UTF-8 byte or sequence at line 1343 replaced by U+FFFD.
Invalid UTF-8 byte or sequence at line 1343 replaced by U+FFFD.
Invalid UTF-8 byte or sequence at line 1413 replaced by U+FFFD.
Invalid UTF-8 byte or sequence at line 1413 replaced by U+FFFD.
Invalid UTF-8 byte or sequence at line 1413 replaced by U+FFFD.
Invalid UTF-8 byte or sequence at line 1432 replaced by U+FFFD.
Invalid UTF-8 byte or sequence at line 1432 replaced by U+FFFD.
Invalid UTF-8 byte or sequence at line 1432 replaced by U+FFFD.
Invalid UTF-8 byte or sequence at line 1451 replaced by U+FFFD.
Invalid UTF-8 byte or sequence at line 1451 replaced by U+FFFD.
Invalid UTF-8 byte or sequence at line 1451 replaced by U+FFFD.
Invalid UTF-8 byte or sequence at line 1451 replaced by U+FFFD.
Invalid UTF-8 byte or sequence at line 1706 replaced by U+FFFD.
Invalid UTF-8 byte or sequence at line 1706 replaced by U+FFFD.
Invalid UTF-8 byte or sequence at line 1709 replaced by U+FFFD.
Invalid UTF-8 byte or sequence at line 1709 replaced by U+FFFD.
Invalid UTF-8 byte or sequence at line 1710 replaced by U+FFFD.
Invalid UTF-8 byte or sequence at line 1710 replaced by U+FFFD.
Invalid UTF-8 byte or sequence at line 1714 replaced by U+FFFD.
Invalid UTF-8 byte or sequence at line 1714 replaced by U+FFFD.
Invalid UTF-8 byte or sequence at line 1718 replaced by U+FFFD.
Invalid UTF-8 byte or sequence at line 1729 replaced by U+FFFD.
Invalid UTF-8 byte or sequence at line 1729 replaced by U+FFFD.
Invalid UTF-8 byte or sequence at line 1729 replaced by U+FFFD.
Invalid UTF-8 byte or sequence at line 1731 replaced by U+FFFD.
Invalid UTF-8 byte or sequence at line 1733 replaced by U+FFFD.
Invalid UTF-8 byte or sequence at line 1740 replaced by U+FFFD.
Invalid UTF-8 byte or sequence at line 1740 replaced by U+FFFD.
Invalid UTF-8 byte or sequence at line 1741 replaced by U+FFFD.
Invalid UTF-8 byte or sequence at line 1742 replaced by U+FFFD.
Invalid UTF-8 byte or sequence at line 1751 replaced by U+FFFD.
Invalid UTF-8 byte or sequence at line 1752 replaced by U+FFFD.
Invalid UTF-8 byte or sequence at line 1752 replaced by U+FFFD.
Invalid UTF-8 byte or sequence at line 1752 replaced by U+FFFD.
Invalid UTF-8 byte or sequence at line 1753 replaced by U+FFFD.
Invalid UTF-8 byte or sequence at line 1754 replaced by U+FFFD.
Invalid UTF-8 byte or sequence at line 1755 replaced by U+FFFD.
Invalid UTF-8 byte or sequence at line 1762 replaced by U+FFFD.
Invalid UTF-8 byte or sequence at line 1762 replaced by U+FFFD.
Invalid UTF-8 byte or sequence at line 1762 replaced by U+FFFD.
Invalid UTF-8 byte or sequence at line 1764 replaced by U+FFFD.
Invalid UTF-8 byte or sequence at line 1771 replaced by U+FFFD.
Invalid UTF-8 byte or sequence at line 1771 replaced by U+FFFD.
Invalid UTF-8 byte or sequence at line 1772 replaced by U+FFFD.
Invalid UTF-8 byte or sequence at line 1775 replaced by U+FFFD.
Invalid UTF-8 byte or sequence at line 1775 replaced by U+FFFD.
Invalid UTF-8 byte or sequence at line 1775 replaced by U+FFFD.
Invalid UTF-8 byte or sequence at line 1776 replaced by U+FFFD.
Invalid UTF-8 byte or sequence at line 1784 replaced by U+FFFD.
Invalid UTF-8 byte or sequence at line 1784 replaced by U+FFFD.
Invalid UTF-8 byte or sequence at line 1785 replaced by U+FFFD.
Invalid UTF-8 byte or sequence at line 1785 replaced by U+FFFD.
Invalid UTF-8 byte or sequence at line 1785 replaced by U+FFFD.
Invalid UTF-8 byte or sequence at line 1785 replaced by U+FFFD.
Invalid UTF-8 byte or sequence at line 1793 replaced by U+FFFD.
Invalid UTF-8 byte or sequence at line 1793 replaced by U+FFFD.
Invalid UTF-8 byte or sequence at line 1793 replaced by U+FFFD.
Invalid UTF-8 byte or sequence at line 1793 replaced by U+FFFD.
Invalid UTF-8 byte or sequence at line 1809 replaced by U+FFFD.
Invalid UTF-8 byte or sequence at line 1809 replaced by U+FFFD.
Invalid UTF-8 byte or sequence at line 1810 replaced by U+FFFD.
Invalid UTF-8 byte or sequence at line 1810 replaced by U+FFFD.
Invalid UTF-8 byte or sequence at line 1810 replaced by U+FFFD.
Invalid UTF-8 byte or sequence at line 1818 replaced by U+FFFD.
Invalid UTF-8 byte or sequence at line 1823 replaced by U+FFFD.
Invalid UTF-8 byte or sequence at line 1823 replaced by U+FFFD.
Invalid UTF-8 byte or sequence at line 1827 replaced by U+FFFD.
Invalid UTF-8 byte or sequence at line 1827 replaced by U+FFFD.
Invalid UTF-8 byte or sequence at line 1829 replaced by U+FFFD.
Invalid UTF-8 byte or sequence at line 1829 replaced by U+FFFD.
Invalid UTF-8 byte or sequence at line 1850 replaced by U+FFFD.
Invalid UTF-8 byte or sequence at line 1851 replaced by U+FFFD.
Invalid UTF-8 byte or sequence at line 1851 replaced by U+FFFD.
Invalid UTF-8 byte or sequence at line 1855 replaced by U+FFFD.
Invalid UTF-8 byte or sequence at line 1859 replaced by U+FFFD.
Invalid UTF-8 byte or sequence at line 1860 replaced by U+FFFD.
Invalid UTF-8 byte or sequence at line 1860 replaced by U+FFFD.
Invalid UTF-8 byte or sequence at line 1861 replaced by U+FFFD.
Invalid UTF-8 byte or sequence at line 1861 replaced by U+FFFD.
Invalid UTF-8 byte or sequence at line 1870 replaced by U+FFFD.
Invalid UTF-8 byte or sequence at line 1870 replaced by U+FFFD.
Invalid UTF-8 byte or sequence at line 1871 replaced by U+FFFD.
Invalid UTF-8 byte or sequence at line 1871 replaced by U+FFFD.
Invalid UTF-8 byte or sequence at line 1871 replaced by U+FFFD.
Invalid UTF-8 byte or sequence at line 1900 replaced by U+FFFD.
Invalid UTF-8 byte or sequence at line 1900 replaced by U+FFFD.
Invalid UTF-8 byte or sequence at line 1901 replaced by U+FFFD.
Invalid UTF-8 byte or sequence at line 1902 replaced by U+FFFD.
Invalid UTF-8 byte or sequence at line 1902 replaced by U+FFFD.
Invalid UTF-8 byte or sequence at line 1904 replaced by U+FFFD.
Invalid UTF-8 byte or sequence at line 1905 replaced by U+FFFD.
Invalid UTF-8 byte or sequence at line 1905 replaced by U+FFFD.
Invalid UTF-8 byte or sequence at line 1906 replaced by U+FFFD.
Invalid UTF-8 byte or sequence at line 1906 replaced by U+FFFD.
Invalid UTF-8 byte or sequence at line 1906 replaced by U+FFFD.
Invalid UTF-8 byte or sequence at line 1906 replaced by U+FFFD.
Invalid UTF-8 byte or sequence at line 1906 replaced by U+FFFD.
Invalid UTF-8 byte or sequence at line 1907 replaced by U+FFFD.
Invalid UTF-8 byte or sequence at line 1907 replaced by U+FFFD.
Invalid UTF-8 byte or sequence at line 1914 replaced by U+FFFD.
Invalid UTF-8 byte or sequence at line 1915 replaced by U+FFFD.
Invalid UTF-8 byte or sequence at line 1922 replaced by U+FFFD.
Invalid UTF-8 byte or sequence at line 1925 replaced by U+FFFD.
Invalid UTF-8 byte or sequence at line 1937 replaced by U+FFFD.
Invalid UTF-8 byte or sequence at line 1938 replaced by U+FFFD.
Invalid UTF-8 byte or sequence at line 1946 replaced by U+FFFD.
Invalid UTF-8 byte or sequence at line 1946 replaced by U+FFFD.
Invalid UTF-8 byte or sequence at line 1960 replaced by U+FFFD.
Invalid UTF-8 byte or sequence at line 1978 replaced by U+FFFD.
Invalid UTF-8 byte or sequence at line 1981 replaced by U+FFFD.
Invalid UTF-8 byte or sequence at line 1996 replaced by U+FFFD.
Invalid UTF-8 byte or sequence at line 1999 replaced by U+FFFD.
Invalid UTF-8 byte or sequence at line 1999 replaced by U+FFFD.
Invalid UTF-8 byte or sequence at line 1999 replaced by U+FFFD.
Invalid UTF-8 byte or sequence at line 1999 replaced by U+FFFD.
Invalid UTF-8 byte or sequence at line 2000 replaced by U+FFFD.
Invalid UTF-8 byte or sequence at line 2002 replaced by U+FFFD.
Invalid UTF-8 byte or sequence at line 2002 replaced by U+FFFD.
Invalid UTF-8 byte or sequence at line 2003 replaced by U+FFFD.
Invalid UTF-8 byte or sequence at line 2019 replaced by U+FFFD.
Invalid UTF-8 byte or sequence at line 2049 replaced by U+FFFD.
Invalid UTF-8 byte or sequence at line 2049 replaced by U+FFFD.
Invalid UTF-8 byte or sequence at line 2057 replaced by U+FFFD.
Invalid UTF-8 byte or sequence at line 2061 replaced by U+FFFD.
Invalid UTF-8 byte or sequence at line 2061 replaced by U+FFFD.
Invalid UTF-8 byte or sequence at line 2061 replaced by U+FFFD.
Invalid UTF-8 byte or sequence at line 2062 replaced by U+FFFD.
Invalid UTF-8 byte or sequence at line 2062 replaced by U+FFFD.
Invalid UTF-8 byte or sequence at line 2062 replaced by U+FFFD.
Invalid UTF-8 byte or sequence at line 2063 replaced by U+FFFD.
Invalid UTF-8 byte or sequence at line 2071 replaced by U+FFFD.
Invalid UTF-8 byte or sequence at line 2072 replaced by U+FFFD.
Invalid UTF-8 byte or sequence at line 2073 replaced by U+FFFD.
Invalid UTF-8 byte or sequence at line 2074 replaced by U+FFFD.
Invalid UTF-8 byte or sequence at line 2074 replaced by U+FFFD.
Invalid UTF-8 byte or sequence at line 2074 replaced by U+FFFD.
Invalid UTF-8 byte or sequence at line 2075 replaced by U+FFFD.
Invalid UTF-8 byte or sequence at line 2075 replaced by U+FFFD.
Invalid UTF-8 byte or sequence at line 2075 replaced by U+FFFD.
Invalid UTF-8 byte or sequence at line 2076 replaced by U+FFFD.
Invalid UTF-8 byte or sequence at line 2076 replaced by U+FFFD.
Invalid UTF-8 byte or sequence at line 2076 replaced by U+FFFD.
Invalid UTF-8 byte or sequence at line 2077 replaced by U+FFFD.
Invalid UTF-8 byte or sequence at line 2078 replaced by U+FFFD.
Invalid UTF-8 byte or sequence at line 2078 replaced by U+FFFD.
Invalid UTF-8 byte or sequence at line 2079 replaced by U+FFFD.
Invalid UTF-8 byte or sequence at line 2079 replaced by U+FFFD.
Invalid UTF-8 byte or sequence at line 2079 replaced by U+FFFD.
Invalid UTF-8 byte or sequence at line 2079 replaced by U+FFFD.
Invalid UTF-8 byte or sequence at line 2080 replaced by U+FFFD.
Invalid UTF-8 byte or sequence at line 2080 replaced by U+FFFD.
Invalid UTF-8 byte or sequence at line 2081 replaced by U+FFFD.
Invalid UTF-8 byte or sequence at line 2081 replaced by U+FFFD.
Invalid UTF-8 byte or sequence at line 2081 replaced by U+FFFD.
Invalid UTF-8 byte or sequence at line 2082 replaced by U+FFFD.
Invalid UTF-8 byte or sequence at line 2082 replaced by U+FFFD.
Invalid UTF-8 byte or sequence at line 2091 replaced by U+FFFD.
Invalid UTF-8 byte or sequence at line 2091 replaced by U+FFFD.
Invalid UTF-8 byte or sequence at line 2092 replaced by U+FFFD.
Invalid UTF-8 byte or sequence at line 2093 replaced by U+FFFD.
Invalid UTF-8 byte or sequence at line 2093 replaced by U+FFFD.
Invalid UTF-8 byte or sequence at line 2093 replaced by U+FFFD.
Invalid UTF-8 byte or sequence at line 2098 replaced by U+FFFD.
Invalid UTF-8 byte or sequence at line 2098 replaced by U+FFFD.
Invalid UTF-8 byte or sequence at line 2105 replaced by U+FFFD.
Invalid UTF-8 byte or sequence at line 2105 replaced by U+FFFD.
Invalid UTF-8 byte or sequence at line 2112 replaced by U+FFFD.
Invalid UTF-8 byte or sequence at line 2112 replaced by U+FFFD.
Invalid UTF-8 byte or sequence at line 2112 replaced by U+FFFD.
Invalid UTF-8 byte or sequence at line 2112 replaced by U+FFFD.
Invalid UTF-8 byte or sequence at line 2116 replaced by U+FFFD.
Invalid UTF-8 byte or sequence at line 2116 replaced by U+FFFD.
Invalid UTF-8 byte or sequence at line 2117 replaced by U+FFFD.
Invalid UTF-8 byte or sequence at line 2117 replaced by U+FFFD.
Invalid UTF-8 byte or sequence at line 2117 replaced by U+FFFD.
Invalid UTF-8 byte or sequence at line 2117 replaced by U+FFFD.
Invalid UTF-8 byte or sequence at line 2126 replaced by U+FFFD.
Invalid UTF-8 byte or sequence at line 2127 replaced by U+FFFD.
Invalid UTF-8 byte or sequence at line 2127 replaced by U+FFFD.
Invalid UTF-8 byte or sequence at line 2135 replaced by U+FFFD.
Invalid UTF-8 byte or sequence at line 2145 replaced by U+FFFD.
Invalid UTF-8 byte or sequence at line 2145 replaced by U+FFFD.
Invalid UTF-8 byte or sequence at line 2145 replaced by U+FFFD.
Invalid UTF-8 byte or sequence at line 2155 replaced by U+FFFD.
Invalid UTF-8 byte or sequence at line 2155 replaced by U+FFFD.
Invalid UTF-8 byte or sequence at line 2283 replaced by U+FFFD.
Invalid UTF-8 byte or sequence at line 2284 replaced by U+FFFD.
Invalid UTF-8 byte or sequence at line 2285 replaced by U+FFFD.
Invalid UTF-8 byte or sequence at line 2285 replaced by U+FFFD.
Invalid UTF-8 byte or sequence at line 2285 replaced by U+FFFD.
Invalid UTF-8 byte or sequence at line 2294 replaced by U+FFFD.
Invalid UTF-8 byte or sequence at line 2295 replaced by U+FFFD.
Invalid UTF-8 byte or sequence at line 2295 replaced by U+FFFD.
Invalid UTF-8 byte or sequence at line 2301 replaced by U+FFFD.
Invalid UTF-8 byte or sequence at line 2301 replaced by U+FFFD.
Invalid UTF-8 byte or sequence at line 2302 replaced by U+FFFD.
Invalid UTF-8 byte or sequence at line 2375 replaced by U+FFFD.
Invalid UTF-8 byte or sequence at line 2376 replaced by U+FFFD.
Invalid UTF-8 byte or sequence at line 2407 replaced by U+FFFD.
Invalid UTF-8 byte or sequence at line 2407 replaced by U+FFFD.
Invalid UTF-8 byte or sequence at line 2411 replaced by U+FFFD.
Invalid UTF-8 byte or sequence at line 2415 replaced by U+FFFD.
Invalid UTF-8 byte or sequence at line 2415 replaced by U+FFFD.
Invalid UTF-8 byte or sequence at line 2435 replaced by U+FFFD.
Invalid UTF-8 byte or sequence at line 2476 replaced by U+FFFD.
Invalid UTF-8 byte or sequence at line 2476 replaced by U+FFFD.
Invalid UTF-8 byte or sequence at line 2476 replaced by U+FFFD.
Invalid UTF-8 byte or sequence at line 2477 replaced by U+FFFD.
Invalid UTF-8 byte or sequence at line 2477 replaced by U+FFFD.
Invalid UTF-8 byte or sequence at line 2477 replaced by U+FFFD.
Invalid UTF-8 byte or sequence at line 2478 replaced by U+FFFD.
Invalid UTF-8 byte or sequence at line 2512 replaced by U+FFFD.
Invalid UTF-8 byte or sequence at line 2512 replaced by U+FFFD.
Invalid UTF-8 byte or sequence at line 2512 replaced by U+FFFD.
Invalid UTF-8 byte or sequence at line 2512 replaced by U+FFFD.
Invalid UTF-8 byte or sequence at line 2512 replaced by U+FFFD.


Class lettre Message: Chargement du fichier de definition de langue `lettre-fre
nch.ldf'.

(/usr/local/texlive/2024/texmf-dist/tex/latex/lettre/lettre-french.ldf
Invalid UTF-8 byte or sequence at line 3 replaced by U+FFFD.
Invalid UTF-8 byte or sequence at line 4 replaced by U+FFFD.
Invalid UTF-8 byte or sequence at line 4 replaced by U+FFFD.
Invalid UTF-8 byte or sequence at line 18 replaced by U+FFFD.
Invalid UTF-8 byte or sequence at line 22 replaced by U+FFFD.
Invalid UTF-8 byte or sequence at line 30 replaced by U+FFFD.
Invalid UTF-8 byte or sequence at line 30 replaced by U+FFFD.
Invalid UTF-8 byte or sequence at line 30 replaced by U+FFFD.
Invalid UTF-8 byte or sequence at line 30 replaced by U+FFFD.
Invalid UTF-8 byte or sequence at line 30 replaced by U+FFFD.
Invalid UTF-8 byte or sequence at line 30 replaced by U+FFFD.
Invalid UTF-8 byte or sequence at line 30 replaced by U+FFFD.
Invalid UTF-8 byte or sequence at line 60 replaced by U+FFFD.
Invalid UTF-8 byte or sequence at line 60 replaced by U+FFFD.
Invalid UTF-8 byte or sequence at line 61 replaced by U+FFFD.
Invalid UTF-8 byte or sequence at line 61 replaced by U+FFFD.
File: lettre-french.ldf 2015/11/18
)
Invalid UTF-8 byte or sequence at line 2519 replaced by U+FFFD.
Invalid UTF-8 byte or sequence at line 2519 replaced by U+FFFD.
Invalid UTF-8 byte or sequence at line 2550 replaced by U+FFFD.
Invalid UTF-8 byte or sequence at line 2550 replaced by U+FFFD.
Invalid UTF-8 byte or sequence at line 2550 replaced by U+FFFD.
)
(/usr/local/texlive/2024/texmf-dist/tex/latex/base/inputenc.sty
Package: inputenc 2024/02/08 v1.3d Input encoding file
\inpenc@prehook=\toks18
\inpenc@posthook=\toks19


Package inputenc Warning: inputenc package ignored with utf8 based engines.

) (/usr/local/texlive/2024/texmf-dist/tex/latex/base/fontenc.sty
Package: fontenc 2021/04/29 v2.0v Standard LaTeX package
LaTeX Font Info:    Trying to load font information for T1+lmr on input line 11
6.

(/usr/local/texlive/2024/texmf-dist/tex/latex/lm/t1lmr.fd
File: t1lmr.fd 2015/05/01 v1.6.1 Font defs for Latin Modern
))
(/usr/local/texlive/2024/texmf-dist/tex/generic/babel/babel.sty
Package: babel 2024/06/02 v24.6 The Babel package
\babel@savecnt=\count267
\U@D=\dimen163
\l@unhyphenated=\language89

(/usr/local/texlive/2024/texmf-dist/tex/generic/babel/xebabel.def)
\bbl@readstream=\read2
\bbl@dirlevel=\count268

(/usr/local/texlive/2024/texmf-dist/tex/generic/babel-english/english.ldf
Language: english 2017/06/06 v3.3r English support from the babel system
Package babel Info: Hyphen rules for 'canadian' set to \l@english
(babel)             (\language0). Reported on input line 102.
Package babel Info: Hyphen rules for 'australian' set to \l@ukenglish
(babel)             (\language23). Reported on input line 105.
Package babel Info: Hyphen rules for 'newzealand' set to \l@ukenglish
(babel)             (\language23). Reported on input line 108.
)
(/usr/local/texlive/2024/texmf-dist/tex/generic/babel-french/francais.ldf
Language: francais 2024-05-24 v3.6a French support from the babel system


Package francais.ldf Warning: Option `francais' for Babel is *deprecated*,
(francais.ldf)                it might be removed sooner or later. Please
(francais.ldf)                use `french' instead; reported on input line 31.

(/usr/local/texlive/2024/texmf-dist/tex/generic/babel-french/french.ldf
Language: french 2024-05-24 v3.6a French support from the babel system
Package babel Info: Hyphen rules for 'acadian' set to \l@french
(babel)             (\language31). Reported on input line 91.
Package babel Info: Hyphen rules for 'canadien' set to \l@french
(babel)             (\language31). Reported on input line 92.
\FB@stdchar=\count269
Package french.ldf Info: No need for active punctuation characters
(french.ldf)             with this version of XeTeX!
(french.ldf)             reported on input line 313.
\FB@punctthick=\XeTeXcharclass4
\FB@punctthin=\XeTeXcharclass5
\FB@punctnul=\XeTeXcharclass6
\FB@guilo=\XeTeXcharclass7
\FB@guilf=\XeTeXcharclass8
\FB@guilnul=\XeTeXcharclass9
\FBguill@level=\count270
\FBold@everypar=\toks20
\FB@Mht=\dimen164
\mc@charclass=\count271
\mc@charfam=\count272
\mc@charslot=\count273
\std@mcc=\count274
\dec@mcc=\count275
\FB@parskip=\dimen165
\listindentFB=\dimen166
\descindentFB=\dimen167
\labelindentFB=\dimen168
\labelwidthFB=\dimen169
\leftmarginFB=\dimen170
\parindentFFN=\dimen171
\FBfnindent=\dimen172
)))
(/usr/local/texlive/2024/texmf-dist/tex/generic/babel/locale/en/babel-english.t
ex
Package babel Info: Importing font and identification data for english
(babel)             from babel-en.ini. Reported on input line 11.
) (/usr/local/texlive/2024/texmf-dist/tex/latex/carlisle/scalefnt.sty)
(/usr/local/texlive/2024/texmf-dist/tex/latex/fourier/fourier.sty
Package: fourier 2022/02/05 2.3 fourier-GUTenberg package

(/usr/local/texlive/2024/texmf-dist/tex/generic/iftex/iftex.sty
Package: iftex 2022/02/03 v1.0f TeX engine tests
)

Package fourier Warning: Please consider loading "fourier-otf.sty" instead of
(fourier)                "fourier.sty" with Unicode engines LuaTeX or XeTeX,
(fourier)                so that Type1 fonts get replaced by OpenType fonts.
(fourier)                See file "Erewhon-Math.pdf" for more information.

(/usr/local/texlive/2024/texmf-dist/tex/latex/base/fontenc.sty
Package: fontenc 2021/04/29 v2.0v Standard LaTeX package
LaTeX Font Info:    Trying to load font information for T1+futs on input line 1
16.

(/usr/local/texlive/2024/texmf-dist/tex/latex/fourier/t1futs.fd
File: t1futs.fd 2004/03/02 Fontinst v1.926 font definitions for T1/futs.
))
(/usr/local/texlive/2024/texmf-dist/tex/latex/base/textcomp.sty
Package: textcomp 2024/04/24 v2.1b Standard LaTeX package
)
(/usr/local/texlive/2024/texmf-dist/tex/latex/fourier/fourier-orns.sty
Package: fourier-orns 2022/02/05 2.3 fourier-ornaments package
)
LaTeX Font Info:    Redeclaring symbol font `operators' on input line 63.
LaTeX Font Info:    Encoding `OT1' has changed to `T1' for symbol font
(Font)              `operators' in the math version `normal' on input line 63.
LaTeX Font Info:    Overwriting symbol font `operators' in version `normal'
(Font)                  OT1/cmr/m/n --> T1/futs/m/n on input line 63.
LaTeX Font Info:    Encoding `OT1' has changed to `T1' for symbol font
(Font)              `operators' in the math version `bold' on input line 63.
LaTeX Font Info:    Overwriting symbol font `operators' in version `bold'
(Font)                  OT1/cmr/bx/n --> T1/futs/m/n on input line 63.
LaTeX Font Info:    Overwriting symbol font `operators' in version `bold'
(Font)                  T1/futs/m/n --> T1/futs/b/n on input line 64.
LaTeX Font Info:    Redeclaring symbol font `letters' on input line 72.
LaTeX Font Info:    Encoding `OML' has changed to `FML' for symbol font
(Font)              `letters' in the math version `normal' on input line 72.
LaTeX Font Info:    Overwriting symbol font `letters' in version `normal'
(Font)                  OML/cmm/m/it --> FML/futmi/m/it on input line 72.
LaTeX Font Info:    Encoding `OML' has changed to `FML' for symbol font
(Font)              `letters' in the math version `bold' on input line 72.
LaTeX Font Info:    Overwriting symbol font `letters' in version `bold'
(Font)                  OML/cmm/b/it --> FML/futmi/m/it on input line 72.
\symotherletters=\mathgroup4
LaTeX Font Info:    Overwriting symbol font `letters' in version `bold'
(Font)                  FML/futmi/m/it --> FML/futmi/b/it on input line 74.
LaTeX Font Info:    Overwriting symbol font `otherletters' in version `bold'
(Font)                  FML/futm/m/it --> FML/futm/b/it on input line 75.
LaTeX Font Info:    Redeclaring math symbol \Gamma on input line 76.
LaTeX Font Info:    Redeclaring math symbol \Delta on input line 77.
LaTeX Font Info:    Redeclaring math symbol \Theta on input line 78.
LaTeX Font Info:    Redeclaring math symbol \Lambda on input line 79.
LaTeX Font Info:    Redeclaring math symbol \Xi on input line 80.
LaTeX Font Info:    Redeclaring math symbol \Pi on input line 81.
LaTeX Font Info:    Redeclaring math symbol \Sigma on input line 82.
LaTeX Font Info:    Redeclaring math symbol \Upsilon on input line 83.
LaTeX Font Info:    Redeclaring math symbol \Phi on input line 84.
LaTeX Font Info:    Redeclaring math symbol \Psi on input line 85.
LaTeX Font Info:    Redeclaring math symbol \Omega on input line 86.
LaTeX Font Info:    Redeclaring symbol font `symbols' on input line 126.
LaTeX Font Info:    Encoding `OMS' has changed to `FMS' for symbol font
(Font)              `symbols' in the math version `normal' on input line 126.
LaTeX Font Info:    Overwriting symbol font `symbols' in version `normal'
(Font)                  OMS/cmsy/m/n --> FMS/futm/m/n on input line 126.
LaTeX Font Info:    Encoding `OMS' has changed to `FMS' for symbol font
(Font)              `symbols' in the math version `bold' on input line 126.
LaTeX Font Info:    Overwriting symbol font `symbols' in version `bold'
(Font)                  OMS/cmsy/b/n --> FMS/futm/m/n on input line 126.
LaTeX Font Info:    Redeclaring symbol font `largesymbols' on input line 127.
LaTeX Font Info:    Encoding `OMX' has changed to `FMX' for symbol font
(Font)              `largesymbols' in the math version `normal' on input line 1
27.
LaTeX Font Info:    Overwriting symbol font `largesymbols' in version `normal'
(Font)                  OMX/cmex/m/n --> FMX/futm/m/n on input line 127.
LaTeX Font Info:    Encoding `OMX' has changed to `FMX' for symbol font
(Font)              `largesymbols' in the math version `bold' on input line 127
.
LaTeX Font Info:    Overwriting symbol font `largesymbols' in version `bold'
(Font)                  OMX/cmex/m/n --> FMX/futm/m/n on input line 127.
LaTeX Font Info:    Redeclaring math alphabet \mathbf on input line 128.
LaTeX Font Info:    Overwriting math alphabet `\mathbf' in version `normal'
(Font)                  OT1/cmr/bx/n --> T1/futs/bx/n on input line 128.
LaTeX Font Info:    Overwriting math alphabet `\mathbf' in version `bold'
(Font)                  OT1/cmr/bx/n --> T1/futs/bx/n on input line 128.
LaTeX Font Info:    Redeclaring math alphabet \mathrm on input line 129.
LaTeX Font Info:    Redeclaring math alphabet \mathit on input line 130.
LaTeX Font Info:    Overwriting math alphabet `\mathit' in version `normal'
(Font)                  OT1/cmr/m/it --> T1/futs/m/it on input line 130.
LaTeX Font Info:    Overwriting math alphabet `\mathit' in version `bold'
(Font)                  OT1/cmr/bx/it --> T1/futs/m/it on input line 130.
LaTeX Font Info:    Redeclaring math alphabet \mathcal on input line 131.
LaTeX Font Info:    Redeclaring math symbol \parallel on input line 147.
LaTeX Font Info:    Redeclaring math symbol \hbar on input line 161.
LaTeX Font Info:    Redeclaring math symbol \varkappa on input line 199.
LaTeX Font Info:    Redeclaring math symbol \varvarrho on input line 200.
LaTeX Font Info:    Redeclaring math delimiter \Vert on input line 223.
LaTeX Font Info:    Redeclaring math delimiter \vert on input line 228.
LaTeX Font Info:    Redeclaring math delimiter \Downarrow on input line 238.
LaTeX Font Info:    Redeclaring math delimiter \backslash on input line 240.
LaTeX Font Info:    Redeclaring math delimiter \rangle on input line 242.
LaTeX Font Info:    Redeclaring math delimiter \langle on input line 244.
LaTeX Font Info:    Redeclaring math delimiter \rbrace on input line 246.
LaTeX Font Info:    Redeclaring math delimiter \lbrace on input line 248.
LaTeX Font Info:    Redeclaring math delimiter \rceil on input line 250.
LaTeX Font Info:    Redeclaring math delimiter \lceil on input line 252.
LaTeX Font Info:    Redeclaring math delimiter \rfloor on input line 254.
LaTeX Font Info:    Redeclaring math delimiter \lfloor on input line 256.
LaTeX Font Info:    Redeclaring math accent \acute on input line 260.
LaTeX Font Info:    Redeclaring math accent \grave on input line 261.
LaTeX Font Info:    Redeclaring math accent \ddot on input line 262.
LaTeX Font Info:    Redeclaring math accent \tilde on input line 263.
LaTeX Font Info:    Redeclaring math accent \bar on input line 264.
LaTeX Font Info:    Redeclaring math accent \breve on input line 265.
LaTeX Font Info:    Redeclaring math accent \check on input line 266.
LaTeX Font Info:    Redeclaring math accent \hat on input line 267.
LaTeX Font Info:    Redeclaring math accent \dot on input line 268.
LaTeX Font Info:    Redeclaring math accent \mathring on input line 269.
\symUfutm=\mathgroup5
)
(/usr/local/texlive/2024/texmf-dist/tex/latex/geometry/geometry.sty
Package: geometry 2020/01/02 v5.9 Page Geometry

(/usr/local/texlive/2024/texmf-dist/tex/generic/iftex/ifvtex.sty
Package: ifvtex 2019/10/25 v1.7 ifvtex legacy package. Use iftex instead.
)
\Gm@cnth=\count276
\Gm@cntv=\count277
\c@Gm@tempcnt=\count278
\Gm@bindingoffset=\dimen173
\Gm@wd@mp=\dimen174
\Gm@odd@mp=\dimen175
\Gm@even@mp=\dimen176
\Gm@layoutwidth=\dimen177
\Gm@layoutheight=\dimen178
\Gm@layouthoffset=\dimen179
\Gm@layoutvoffset=\dimen180
\Gm@dimlist=\toks21
)
(/usr/local/texlive/2024/texmf-dist/tex/latex/hyperref/hyperref.sty
Package: hyperref 2024-05-23 v7.01i Hypertext links for LaTeX

(/usr/local/texlive/2024/texmf-dist/tex/latex/kvsetkeys/kvsetkeys.sty
Package: kvsetkeys 2022-10-05 v1.19 Key value parser (HO)
)
(/usr/local/texlive/2024/texmf-dist/tex/generic/kvdefinekeys/kvdefinekeys.sty
Package: kvdefinekeys 2019-12-19 v1.6 Define keys (HO)
)
(/usr/local/texlive/2024/texmf-dist/tex/generic/pdfescape/pdfescape.sty
Package: pdfescape 2019/12/09 v1.15 Implements pdfTeX's escape features (HO)

(/usr/local/texlive/2024/texmf-dist/tex/generic/ltxcmds/ltxcmds.sty
Package: ltxcmds 2023-12-04 v1.26 LaTeX kernel commands for general use (HO)
)
(/usr/local/texlive/2024/texmf-dist/tex/generic/pdftexcmds/pdftexcmds.sty
Package: pdftexcmds 2020-06-27 v0.33 Utility functions of pdfTeX for LuaTeX (HO
)

(/usr/local/texlive/2024/texmf-dist/tex/generic/infwarerr/infwarerr.sty
Package: infwarerr 2019/12/03 v1.5 Providing info/warning/error messages (HO)
)
Package pdftexcmds Info: \pdf@primitive is available.
Package pdftexcmds Info: \pdf@ifprimitive is available.
Package pdftexcmds Info: \pdfdraftmode not found.
))
(/usr/local/texlive/2024/texmf-dist/tex/latex/hycolor/hycolor.sty
Package: hycolor 2020-01-27 v1.10 Color options for hyperref/bookmark (HO)
)
(/usr/local/texlive/2024/texmf-dist/tex/latex/hyperref/nameref.sty
Package: nameref 2023-11-26 v2.56 Cross-referencing by name of section

(/usr/local/texlive/2024/texmf-dist/tex/latex/refcount/refcount.sty
Package: refcount 2019/12/15 v3.6 Data extraction from label references (HO)
)
(/usr/local/texlive/2024/texmf-dist/tex/generic/gettitlestring/gettitlestring.s
ty
Package: gettitlestring 2019/12/15 v1.6 Cleanup title references (HO)
 (/usr/local/texlive/2024/texmf-dist/tex/latex/kvoptions/kvoptions.sty
Package: kvoptions 2022-06-15 v3.15 Key value format for package options (HO)
))
\c@section@level=\count279
)
(/usr/local/texlive/2024/texmf-dist/tex/generic/stringenc/stringenc.sty
Package: stringenc 2019/11/29 v1.12 Convert strings between diff. encodings (HO
)
)
\@linkdim=\dimen181
\Hy@linkcounter=\count280
\Hy@pagecounter=\count281

(/usr/local/texlive/2024/texmf-dist/tex/latex/hyperref/pd1enc.def
File: pd1enc.def 2024-05-23 v7.01i Hyperref: PDFDocEncoding definition (HO)
)
(/usr/local/texlive/2024/texmf-dist/tex/generic/intcalc/intcalc.sty
Package: intcalc 2019/12/15 v1.3 Expandable calculations with integers (HO)
)
\Hy@SavedSpaceFactor=\count282

(/usr/local/texlive/2024/texmf-dist/tex/latex/hyperref/puenc.def
File: puenc.def 2024-05-23 v7.01i Hyperref: PDF Unicode definition (HO)
)
Package hyperref Info: Hyper figures OFF on input line 4157.
Package hyperref Info: Link nesting OFF on input line 4162.
Package hyperref Info: Hyper index ON on input line 4165.
Package hyperref Info: Plain pages OFF on input line 4172.
Package hyperref Info: Backreferencing OFF on input line 4177.
Package hyperref Info: Implicit mode ON; LaTeX internals redefined.
Package hyperref Info: Bookmarks ON on input line 4424.
\c@Hy@tempcnt=\count283

(/usr/local/texlive/2024/texmf-dist/tex/latex/url/url.sty
\Urlmuskip=\muskip17
Package: url 2013/09/16  ver 3.4  Verb mode for urls, etc.
)
LaTeX Info: Redefining \url on input line 4763.
\XeTeXLinkMargin=\dimen182

(/usr/local/texlive/2024/texmf-dist/tex/generic/bitset/bitset.sty
Package: bitset 2019/12/09 v1.3 Handle bit-vector datatype (HO)

(/usr/local/texlive/2024/texmf-dist/tex/generic/bigintcalc/bigintcalc.sty
Package: bigintcalc 2019/12/15 v1.5 Expandable calculations on big integers (HO
)
))
\Fld@menulength=\count284
\Field@Width=\dimen183
\Fld@charsize=\dimen184
Package hyperref Info: Hyper figures OFF on input line 6042.
Package hyperref Info: Link nesting OFF on input line 6047.
Package hyperref Info: Hyper index ON on input line 6050.
Package hyperref Info: backreferencing OFF on input line 6057.
Package hyperref Info: Link coloring OFF on input line 6062.
Package hyperref Info: Link coloring with OCG OFF on input line 6067.
Package hyperref Info: PDF/A mode OFF on input line 6072.

(/usr/local/texlive/2024/texmf-dist/tex/latex/base/atbegshi-ltx.sty
Package: atbegshi-ltx 2021/01/10 v1.0c Emulation of the original atbegshi
package with kernel methods
)
\Hy@abspage=\count285
\c@Item=\count286
\c@Hfootnote=\count287
)
Package hyperref Info: Driver (autodetected): hxetex.

(/usr/local/texlive/2024/texmf-dist/tex/latex/hyperref/hxetex.def
File: hxetex.def 2024-05-23 v7.01i Hyperref driver for XeTeX
\pdfm@box=\box52
\c@Hy@AnnotLevel=\count288
\HyField@AnnotCount=\count289
\Fld@listcount=\count290
\c@bookmark@seq@number=\count291

(/usr/local/texlive/2024/texmf-dist/tex/latex/rerunfilecheck/rerunfilecheck.sty
Package: rerunfilecheck 2022-07-10 v1.10 Rerun checks for auxiliary files (HO)
(/usr/local/texlive/2024/texmf-dist/tex/latex/base/atveryend-ltx.sty
Package: atveryend-ltx 2020/08/19 v1.0a Emulation of the original atveryend pac
kage
with kernel methods
)
(/usr/local/texlive/2024/texmf-dist/tex/generic/uniquecounter/uniquecounter.sty
Package: uniquecounter 2019/12/15 v1.4 Provide unlimited unique counter (HO)
)
Package uniquecounter Info: New unique counter `rerunfilecheck' on input line 2
85.
)
\Hy@SectionHShift=\skip53
) (/usr/local/texlive/2024/texmf-dist/tex/latex/l3backend/l3backend-xetex.def
File: l3backend-xetex.def 2024-05-08 L3 backend support: XeTeX
\g__graphics_track_int=\count292
\l__pdf_internal_box=\box53
\g__pdf_backend_annotation_int=\count293
\g__pdf_backend_link_int=\count294
) (./letter.aux
(/usr/local/texlive/2024/texmf-dist/tex/generic/babel/locale/fr/babel-french.te
x
Package babel Info: Importing font and identification data for french
(babel)             from babel-fr.ini. Reported on input line 11.
))
\openout1 = `letter.aux'.

LaTeX Font Info:    Checking defaults for OML/cmm/m/it on input line 18.
LaTeX Font Info:    ... okay on input line 18.
LaTeX Font Info:    Checking defaults for OMS/cmsy/m/n on input line 18.
LaTeX Font Info:    ... okay on input line 18.
LaTeX Font Info:    Checking defaults for OT1/cmr/m/n on input line 18.
LaTeX Font Info:    ... okay on input line 18.
LaTeX Font Info:    Checking defaults for T1/cmr/m/n on input line 18.
LaTeX Font Info:    ... okay on input line 18.
LaTeX Font Info:    Checking defaults for TS1/cmr/m/n on input line 18.
LaTeX Font Info:    Trying to load font information for TS1+cmr on input line 1
8.
 (/usr/local/texlive/2024/texmf-dist/tex/latex/base/ts1cmr.fd
File: ts1cmr.fd 2023/04/13 v2.5m Standard LaTeX font definitions
)
LaTeX Font Info:    ... okay on input line 18.
LaTeX Font Info:    Checking defaults for TU/lmr/m/n on input line 18.
LaTeX Font Info:    ... okay on input line 18.
LaTeX Font Info:    Checking defaults for OMX/cmex/m/n on input line 18.
LaTeX Font Info:    ... okay on input line 18.
LaTeX Font Info:    Checking defaults for U/cmr/m/n on input line 18.
LaTeX Font Info:    ... okay on input line 18.
LaTeX Font Info:    Checking defaults for FML/futm/m/it on input line 18.
LaTeX Font Info:    Trying to load font information for FML+futm on input line 
18.

(/usr/local/texlive/2024/texmf-dist/tex/latex/fourier/fmlfutm.fd
File: fmlfutm.fd 2004/10/30 Fontinst v1.926 font definitions for FML/futm.
)
LaTeX Font Info:    ... okay on input line 18.
LaTeX Font Info:    Checking defaults for FMS/futm/m/n on input line 18.
LaTeX Font Info:    Trying to load font information for FMS+futm on input line 
18.

(/usr/local/texlive/2024/texmf-dist/tex/latex/fourier/fmsfutm.fd
File: fmsfutm.fd 2004/10/30 Fontinst v1.926 font definitions for FMS/futm.
)
LaTeX Font Info:    ... okay on input line 18.
LaTeX Font Info:    Checking defaults for FMX/futm/m/n on input line 18.
LaTeX Font Info:    Trying to load font information for FMX+futm on input line 
18.

(/usr/local/texlive/2024/texmf-dist/tex/latex/fourier/fmxfutm.fd
File: fmxfutm.fd futm-extension
)
LaTeX Font Info:    ... okay on input line 18.
LaTeX Font Info:    Checking defaults for PD1/pdf/m/n on input line 18.
LaTeX Font Info:    ... okay on input line 18.
LaTeX Font Info:    Checking defaults for PU/pdf/m/n on input line 18.
LaTeX Font Info:    ... okay on input line 18.
 (./letter.tns)
No file letter.odt.
\openout3 = `letter.tns'.


Class lettre Message: Scrutation des paquetages de gestion de langue.


Class lettre Message: Le paquetage `babel' est charg'e.


Class lettre Message: Langage par defaut: francais.

LaTeX Info: Redefining \degres on input line 18.
LaTeX Info: Redefining \up on input line 18.
*geometry* driver: auto-detecting
*geometry* detected driver: xetex
*geometry* verbose mode - [ preamble ] result:
* driver: xetex
* paper: a4paper
* layout: <same size as paper>
* layoutoffset:(h,v)=(0.0pt,0.0pt)
* modes: 
* h-part:(L,W,R)=(71.13188pt, 455.24411pt, 71.13188pt)
* v-part:(T,H,B)=(56.9055pt, 731.23584pt, 56.9055pt)
* \paperwidth=597.50787pt
* \paperheight=845.04684pt
* \textwidth=455.24411pt
* \textheight=731.23584pt
* \oddsidemargin=-1.1381pt
* \evensidemargin=-1.1381pt
* \topmargin=-24.36449pt
* \headheight=0.0pt
* \headsep=9.0pt
* \topskip=11.0pt
* \footskip=25.60735pt
* \marginparwidth=42.67891pt
* \marginparsep=11.38104pt
* \columnsep=0.0pt
* \skip\footins=11.38109pt plus 2.0pt minus 4.0pt
* \hoffset=0.0pt
* \voffset=0.0pt
* \mag=1000
* \@twocolumnfalse
* \@twosidefalse
* \@mparswitchfalse
* \@reversemarginfalse
* (1in=72.27pt=25.4mm, 1cm=28.453pt)

Package hyperref Info: Link coloring OFF on input line 18.
(./letter.out) (./letter.out)
\@outlinefile=\write7
\openout7 = `letter.out'.



Class lettre Message: Lettre 1.

(/usr/local/texlive/2024/texmf-dist/tex/latex/lettre/lettre-default.cfg
Invalid UTF-8 byte or sequence at line 3 replaced by U+FFFD.
Invalid UTF-8 byte or sequence at line 4 replaced by U+FFFD.
Invalid UTF-8 byte or sequence at line 4 replaced by U+FFFD.
Invalid UTF-8 byte or sequence at line 18 replaced by U+FFFD.


Class lettre Message: Adresse precisee.


Class lettre Message: Numero de telephone precise.


Class lettre Message: Numero de fax precise.


Class lettre Message: Lieu precise.

)

! LaTeX Error: There's no line here to end.

See the LaTeX manual or LaTeX Companion for explanation.
Type  H <return>  for immediate help.
 ...                                              
                                                  
l.25 \selectlanguage
                    {french}
Your command was ignored.
Type  I <command> <return>  to replace it with another command,
or  <return>  to continue without it.


! LaTeX Error: There's no line here to end.

See the LaTeX manual or LaTeX Companion for explanation.
Type  H <return>  for immediate help.
 ...                                              
                                                  
l.30 \address
             {M. \textsc{Benane} Gaya\\
Your command was ignored.
Type  I <command> <return>  to replace it with another command,
or  <return>  to continue without it.


Class lettre Message: Adresse precisee.


Class lettre Message: Lieu precise.


Class lettre Message: Numero de fax supprime.


Class lettre Message: Date precisee.


Class lettre Message: Numero de telephone precise.


Class lettre Message: Numero d'E-Mail precise.


Class lettre Message: Champ d'objet defini.

LaTeX Font Info:    Trying to load font information for T1+lmtt on input line 4
4.
(/usr/local/texlive/2024/texmf-dist/tex/latex/lm/t1lmtt.fd
File: t1lmtt.fd 2015/05/01 v1.6.1 Font defs for Latin Modern
)

! LaTeX Error: There's no line here to end.

See the LaTeX manual or LaTeX Companion for explanation.
Type  H <return>  for immediate help.
 ...                                              
                                                  
l.44 \opening{\hspace{1em} Madame, Monsieur,}
                                             
Your command was ignored.
Type  I <command> <return>  to replace it with another command,
or  <return>  to continue without it.

LaTeX Font Info:    Trying to load font information for FML+futmi on input line
 44.
(/usr/local/texlive/2024/texmf-dist/tex/latex/fourier/fmlfutmi.fd
File: fmlfutmi.fd 2004/10/30 Fontinst v1.926 font definitions for FML/futmi.
)
LaTeX Font Info:    Font shape `FMX/futm/m/n' will be
(Font)              scaled to size 10.07397pt on input line 44.
LaTeX Font Info:    Font shape `FMX/futm/m/n' will be
(Font)              scaled to size 7.63599pt on input line 44.
LaTeX Font Info:    Font shape `FMX/futm/m/n' will be
(Font)              scaled to size 5.51999pt on input line 44.
LaTeX Font Info:    Font shape `U/futm/m/n' will be
(Font)              scaled to size 10.07397pt on input line 44.
LaTeX Font Info:    Font shape `U/futm/m/n' will be
(Font)              scaled to size 7.63599pt on input line 44.
LaTeX Font Info:    Font shape `U/futm/m/n' will be
(Font)              scaled to size 5.51999pt on input line 44.

Overfull \hbox (71.1291pt too wide) in paragraph at lines 44--44
[][] 
 []

Missing character: There is no  ("2019) in font futr8t!

Class lettre Message: Signature simple.


Class lettre Message: Longueur de la derniere page : 618.79556pt>= 250pt.



[1


]

Class lettre Message: Nombre de lettres :1.


Class lettre Message: Nombre de telefax :0.

(./letter.aux)
 ***********
LaTeX2e <2024-06-01> patch level 1
L3 programming layer <2024-05-27>
 ***********
Package rerunfilecheck Info: File `letter.out' has not changed.
(rerunfilecheck)             Checksum: D41D8CD98F00B204E9800998ECF8427E;0.
 ) 
Here is how much of TeX's memory you used:
 11470 strings out of 974256
 185362 string characters out of 1992727
 3918557 words of memory out of 22000000
 34000 multiletter control sequences out of 15000+100000
 593957 words of font info for 60 fonts, out of 8000000 for 9000
 1348 hyphenation exceptions out of 8191
 72i,7n,79p,292b,784s stack positions out of 10000i,1000n,20000p,200000b,100000s

Output written on letter.pdf (1 page).
